Mon 03 Jan 2022 23:18:28 - applog - DEBUG - 设置参数
Mon 03 Jan 2022 23:18:44 - applog - DEBUG - 设置参数
Mon 03 Jan 2022 23:18:54 - applog - INFO - 新增：50
Mon 03 Jan 2022 23:18:54 - applog - DEBUG - 期刊:中西医结合护理(中英文).csv,第1页，新增：0
Mon 03 Jan 2022 23:18:54 - applog - INFO - 新增：50
Mon 03 Jan 2022 23:18:54 - applog - DEBUG - 期刊:中西医结合护理(中英文).csv,第2页，新增：0
Mon 03 Jan 2022 23:18:55 - applog - INFO - 新增：50
Mon 03 Jan 2022 23:18:55 - applog - DEBUG - 期刊:中西医结合护理(中英文).csv,第3页，新增：0
Mon 03 Jan 2022 23:18:56 - applog - INFO - 新增：50
Mon 03 Jan 2022 23:18:56 - applog - DEBUG - 期刊:中西医结合护理(中英文).csv,第4页，新增：0
Mon 03 Jan 2022 23:18:56 - applog - INFO - 新增：50
Mon 03 Jan 2022 23:18:56 - applog - DEBUG - 期刊:中西医结合护理(中英文).csv,第5页，新增：0
Mon 03 Jan 2022 23:18:57 - applog - INFO - 新增：50
Mon 03 Jan 2022 23:18:57 - applog - DEBUG - 期刊:中西医结合护理(中英文).csv,第6页，新增：0
Mon 03 Jan 2022 23:18:58 - applog - INFO - 新增：50
Mon 03 Jan 2022 23:18:58 - applog - DEBUG - 期刊:中西医结合护理(中英文).csv,第7页，新增：0
Mon 03 Jan 2022 23:18:59 - applog - INFO - 新增：50
Mon 03 Jan 2022 23:18:59 - applog - DEBUG - 期刊:中西医结合护理(中英文).csv,第8页，新增：0
Mon 03 Jan 2022 23:18:59 - applog - INFO - 新增：50
Mon 03 Jan 2022 23:18:59 - applog - DEBUG - 期刊:中西医结合护理(中英文).csv,第9页，新增：0
Mon 03 Jan 2022 23:19:00 - applog - INFO - 新增：50
Mon 03 Jan 2022 23:19:00 - applog - DEBUG - 期刊:中西医结合护理(中英文).csv,第10页，新增：0
Mon 03 Jan 2022 23:19:01 - applog - INFO - 新增：50
Mon 03 Jan 2022 23:19:01 - applog - DEBUG - 期刊:中西医结合护理(中英文).csv,第11页，新增：0
Mon 03 Jan 2022 23:19:02 - applog - INFO - 新增：50
Mon 03 Jan 2022 23:19:02 - applog - DEBUG - 期刊:中西医结合护理(中英文).csv,第12页，新增：0
Mon 03 Jan 2022 23:19:03 - applog - INFO - 新增：50
Mon 03 Jan 2022 23:19:03 - applog - DEBUG - 期刊:中西医结合护理(中英文).csv,第13页，新增：0
Mon 03 Jan 2022 23:19:04 - applog - INFO - 新增：50
Mon 03 Jan 2022 23:19:04 - applog - DEBUG - 期刊:中西医结合护理(中英文).csv,第14页，新增：0
Mon 03 Jan 2022 23:19:05 - applog - INFO - 新增：50
Mon 03 Jan 2022 23:19:05 - applog - DEBUG - 期刊:中西医结合护理(中英文).csv,第15页，新增：0
Mon 03 Jan 2022 23:19:05 - applog - INFO - 新增：50
Mon 03 Jan 2022 23:19:05 - applog - DEBUG - 期刊:中西医结合护理(中英文).csv,第16页，新增：0
Mon 03 Jan 2022 23:19:06 - applog - INFO - 新增：50
Mon 03 Jan 2022 23:19:06 - applog - DEBUG - 期刊:中西医结合护理(中英文).csv,第17页，新增：0
Mon 03 Jan 2022 23:19:07 - applog - INFO - 新增：50
Mon 03 Jan 2022 23:19:07 - applog - DEBUG - 期刊:中西医结合护理(中英文).csv,第18页，新增：0
Mon 03 Jan 2022 23:19:08 - applog - INFO - 新增：50
Mon 03 Jan 2022 23:19:08 - applog - DEBUG - 期刊:中西医结合护理(中英文).csv,第19页，新增：0
Mon 03 Jan 2022 23:19:09 - applog - INFO - 新增：50
Mon 03 Jan 2022 23:19:09 - applog - DEBUG - 期刊:中西医结合护理(中英文).csv,第20页，新增：0
Mon 03 Jan 2022 23:19:09 - applog - INFO - 新增：50
Mon 03 Jan 2022 23:19:09 - applog - DEBUG - 期刊:中西医结合护理(中英文).csv,第21页，新增：0
Mon 03 Jan 2022 23:19:10 - applog - INFO - 新增：50
Mon 03 Jan 2022 23:19:10 - applog - DEBUG - 期刊:中西医结合护理(中英文).csv,第22页，新增：0
Mon 03 Jan 2022 23:19:11 - applog - INFO - 新增：50
Mon 03 Jan 2022 23:19:11 - applog - DEBUG - 期刊:中西医结合护理(中英文).csv,第23页，新增：0
Mon 03 Jan 2022 23:19:12 - applog - INFO - 新增：50
Mon 03 Jan 2022 23:19:12 - applog - DEBUG - 期刊:中西医结合护理(中英文).csv,第24页，新增：0
Mon 03 Jan 2022 23:19:13 - applog - INFO - 新增：50
Mon 03 Jan 2022 23:19:13 - applog - DEBUG - 期刊:中西医结合护理(中英文).csv,第25页，新增：0
Mon 03 Jan 2022 23:19:14 - applog - INFO - 新增：50
Mon 03 Jan 2022 23:19:14 - applog - DEBUG - 期刊:中西医结合护理(中英文).csv,第26页，新增：0
Mon 03 Jan 2022 23:19:15 - applog - INFO - 新增：50
Mon 03 Jan 2022 23:19:15 - applog - DEBUG - 期刊:中西医结合护理(中英文).csv,第27页，新增：0
Mon 03 Jan 2022 23:19:15 - applog - INFO - 新增：50
Mon 03 Jan 2022 23:19:15 - applog - DEBUG - 期刊:中西医结合护理(中英文).csv,第28页，新增：0
Mon 03 Jan 2022 23:19:16 - applog - INFO - 新增：50
Mon 03 Jan 2022 23:19:16 - applog - DEBUG - 期刊:中西医结合护理(中英文).csv,第29页，新增：0
Mon 03 Jan 2022 23:19:17 - applog - DEBUG - 期刊:中西医结合护理(中英文).csv,第30页爬取失败
Mon 03 Jan 2022 23:19:17 - applog - INFO - 期刊:中西医结合护理(中英文).csv,新爬取文献数：0
Mon 03 Jan 2022 23:19:25 - applog - DEBUG - 设置参数
Mon 03 Jan 2022 23:19:34 - applog - INFO - 新增：50
Mon 03 Jan 2022 23:19:34 - applog - DEBUG - 期刊:中兴通讯技术.csv,第1页，新增：0
Mon 03 Jan 2022 23:19:35 - applog - INFO - 新增：50
Mon 03 Jan 2022 23:19:35 - applog - DEBUG - 期刊:中兴通讯技术.csv,第2页，新增：0
Mon 03 Jan 2022 23:19:35 - applog - INFO - 新增：50
Mon 03 Jan 2022 23:19:35 - applog - DEBUG - 期刊:中兴通讯技术.csv,第3页，新增：0
Mon 03 Jan 2022 23:19:36 - applog - INFO - 新增：13
Mon 03 Jan 2022 23:19:36 - applog - DEBUG - 期刊:中兴通讯技术.csv,第4页，新增：0
Mon 03 Jan 2022 23:19:36 - applog - INFO - 期刊:中兴通讯技术.csv,新爬取文献数：0
Mon 03 Jan 2022 23:19:42 - applog - DEBUG - 设置参数
Mon 03 Jan 2022 23:19:52 - applog - INFO - 新增：50
Mon 03 Jan 2022 23:19:52 - applog - DEBUG - 期刊:大数据.csv,第1页，新增：0
Mon 03 Jan 2022 23:19:52 - applog - INFO - 新增：50
Mon 03 Jan 2022 23:19:52 - applog - DEBUG - 期刊:大数据.csv,第2页，新增：0
Mon 03 Jan 2022 23:19:53 - applog - INFO - 新增：22
Mon 03 Jan 2022 23:19:53 - applog - DEBUG - 期刊:大数据.csv,第3页，新增：0
Mon 03 Jan 2022 23:19:53 - applog - INFO - 期刊:大数据.csv,新爬取文献数：0
Mon 03 Jan 2022 23:20:00 - applog - DEBUG - 设置参数
Mon 03 Jan 2022 23:20:10 - applog - INFO - 新增：50
Mon 03 Jan 2022 23:20:10 - applog - DEBUG - 期刊:电子学报.csv,第1页，新增：0
Mon 03 Jan 2022 23:20:10 - applog - INFO - 新增：50
Mon 03 Jan 2022 23:20:10 - applog - DEBUG - 期刊:电子学报.csv,第2页，新增：0
Mon 03 Jan 2022 23:20:11 - applog - INFO - 新增：50
Mon 03 Jan 2022 23:20:11 - applog - DEBUG - 期刊:电子学报.csv,第3页，新增：0
Mon 03 Jan 2022 23:20:11 - applog - INFO - 新增：50
Mon 03 Jan 2022 23:20:11 - applog - DEBUG - 期刊:电子学报.csv,第4页，新增：0
Mon 03 Jan 2022 23:20:12 - applog - INFO - 新增：50
Mon 03 Jan 2022 23:20:12 - applog - DEBUG - 期刊:电子学报.csv,第5页，新增：0
Mon 03 Jan 2022 23:20:12 - applog - INFO - 新增：50
Mon 03 Jan 2022 23:20:12 - applog - DEBUG - 期刊:电子学报.csv,第6页，新增：0
Mon 03 Jan 2022 23:20:13 - applog - INFO - 新增：50
Mon 03 Jan 2022 23:20:13 - applog - DEBUG - 期刊:电子学报.csv,第7页，新增：0
Mon 03 Jan 2022 23:20:14 - applog - INFO - 新增：50
Mon 03 Jan 2022 23:20:14 - applog - DEBUG - 期刊:电子学报.csv,第8页，新增：0
Mon 03 Jan 2022 23:20:14 - applog - INFO - 新增：50
Mon 03 Jan 2022 23:20:14 - applog - DEBUG - 期刊:电子学报.csv,第9页，新增：0
Mon 03 Jan 2022 23:20:15 - applog - INFO - 新增：50
Mon 03 Jan 2022 23:20:15 - applog - DEBUG - 期刊:电子学报.csv,第10页，新增：0
Mon 03 Jan 2022 23:20:15 - applog - INFO - 新增：50
Mon 03 Jan 2022 23:20:15 - applog - DEBUG - 期刊:电子学报.csv,第11页，新增：0
Mon 03 Jan 2022 23:20:16 - applog - INFO - 新增：50
Mon 03 Jan 2022 23:20:16 - applog - DEBUG - 期刊:电子学报.csv,第12页，新增：0
Mon 03 Jan 2022 23:20:16 - applog - INFO - 新增：50
Mon 03 Jan 2022 23:20:16 - applog - DEBUG - 期刊:电子学报.csv,第13页，新增：0
Mon 03 Jan 2022 23:20:17 - applog - INFO - 新增：17
Mon 03 Jan 2022 23:20:17 - applog - DEBUG - 期刊:电子学报.csv,第14页，新增：0
Mon 03 Jan 2022 23:20:17 - applog - INFO - 期刊:电子学报.csv,新爬取文献数：0
Mon 03 Jan 2022 23:20:24 - applog - DEBUG - 设置参数
Mon 03 Jan 2022 23:20:34 - applog - INFO - 新增：50
Mon 03 Jan 2022 23:20:34 - applog - DEBUG - 期刊:电子技术.csv,第1页，新增：0
Mon 03 Jan 2022 23:20:35 - applog - INFO - 新增：50
Mon 03 Jan 2022 23:20:35 - applog - DEBUG - 期刊:电子技术.csv,第2页，新增：0
Mon 03 Jan 2022 23:20:35 - applog - INFO - 新增：50
Mon 03 Jan 2022 23:20:35 - applog - DEBUG - 期刊:电子技术.csv,第3页，新增：0
Mon 03 Jan 2022 23:20:36 - applog - INFO - 新增：50
Mon 03 Jan 2022 23:20:36 - applog - DEBUG - 期刊:电子技术.csv,第4页，新增：0
Mon 03 Jan 2022 23:20:36 - applog - INFO - 新增：50
Mon 03 Jan 2022 23:20:36 - applog - DEBUG - 期刊:电子技术.csv,第5页，新增：0
Mon 03 Jan 2022 23:20:37 - applog - INFO - 新增：50
Mon 03 Jan 2022 23:20:37 - applog - DEBUG - 期刊:电子技术.csv,第6页，新增：0
Mon 03 Jan 2022 23:20:37 - applog - INFO - 新增：50
Mon 03 Jan 2022 23:20:37 - applog - DEBUG - 期刊:电子技术.csv,第7页，新增：0
Mon 03 Jan 2022 23:20:38 - applog - INFO - 新增：50
Mon 03 Jan 2022 23:20:38 - applog - DEBUG - 期刊:电子技术.csv,第8页，新增：0
Mon 03 Jan 2022 23:20:38 - applog - INFO - 新增：50
Mon 03 Jan 2022 23:20:38 - applog - DEBUG - 期刊:电子技术.csv,第9页，新增：0
Mon 03 Jan 2022 23:20:39 - applog - INFO - 新增：50
Mon 03 Jan 2022 23:20:39 - applog - DEBUG - 期刊:电子技术.csv,第10页，新增：0
Mon 03 Jan 2022 23:20:39 - applog - INFO - 新增：50
Mon 03 Jan 2022 23:20:39 - applog - DEBUG - 期刊:电子技术.csv,第11页，新增：0
Mon 03 Jan 2022 23:20:40 - applog - INFO - 新增：50
Mon 03 Jan 2022 23:20:40 - applog - DEBUG - 期刊:电子技术.csv,第12页，新增：0
Mon 03 Jan 2022 23:20:41 - applog - INFO - 新增：50
Mon 03 Jan 2022 23:20:41 - applog - DEBUG - 期刊:电子技术.csv,第13页，新增：0
Mon 03 Jan 2022 23:20:41 - applog - INFO - 新增：50
Mon 03 Jan 2022 23:20:41 - applog - DEBUG - 期刊:电子技术.csv,第14页，新增：0
Mon 03 Jan 2022 23:20:42 - applog - INFO - 新增：50
Mon 03 Jan 2022 23:20:42 - applog - DEBUG - 期刊:电子技术.csv,第15页，新增：0
Mon 03 Jan 2022 23:20:42 - applog - INFO - 新增：50
Mon 03 Jan 2022 23:20:42 - applog - DEBUG - 期刊:电子技术.csv,第16页，新增：0
Mon 03 Jan 2022 23:20:43 - applog - INFO - 新增：50
Mon 03 Jan 2022 23:20:43 - applog - DEBUG - 期刊:电子技术.csv,第17页，新增：0
Mon 03 Jan 2022 23:20:43 - applog - INFO - 新增：50
Mon 03 Jan 2022 23:20:43 - applog - DEBUG - 期刊:电子技术.csv,第18页，新增：0
Mon 03 Jan 2022 23:20:44 - applog - INFO - 新增：50
Mon 03 Jan 2022 23:20:44 - applog - DEBUG - 期刊:电子技术.csv,第19页，新增：0
Mon 03 Jan 2022 23:20:44 - applog - INFO - 新增：50
Mon 03 Jan 2022 23:20:44 - applog - DEBUG - 期刊:电子技术.csv,第20页，新增：0
Mon 03 Jan 2022 23:20:45 - applog - INFO - 新增：39
Mon 03 Jan 2022 23:20:45 - applog - DEBUG - 期刊:电子技术.csv,第21页，新增：0
Mon 03 Jan 2022 23:20:45 - applog - INFO - 期刊:电子技术.csv,新爬取文献数：0
Mon 03 Jan 2022 23:20:52 - applog - DEBUG - 设置参数
Mon 03 Jan 2022 23:21:02 - applog - INFO - 新增：50
Mon 03 Jan 2022 23:21:02 - applog - DEBUG - 期刊:电子科技.csv,第1页，新增：0
Mon 03 Jan 2022 23:21:02 - applog - INFO - 新增：50
Mon 03 Jan 2022 23:21:02 - applog - DEBUG - 期刊:电子科技.csv,第2页，新增：0
Mon 03 Jan 2022 23:21:03 - applog - INFO - 新增：50
Mon 03 Jan 2022 23:21:03 - applog - DEBUG - 期刊:电子科技.csv,第3页，新增：0
Mon 03 Jan 2022 23:21:04 - applog - INFO - 新增：50
Mon 03 Jan 2022 23:21:04 - applog - DEBUG - 期刊:电子科技.csv,第4页，新增：0
Mon 03 Jan 2022 23:21:04 - applog - INFO - 新增：50
Mon 03 Jan 2022 23:21:04 - applog - DEBUG - 期刊:电子科技.csv,第5页，新增：0
Mon 03 Jan 2022 23:21:05 - applog - INFO - 新增：50
Mon 03 Jan 2022 23:21:05 - applog - DEBUG - 期刊:电子科技.csv,第6页，新增：0
Mon 03 Jan 2022 23:21:06 - applog - INFO - 新增：50
Mon 03 Jan 2022 23:21:06 - applog - DEBUG - 期刊:电子科技.csv,第7页，新增：0
Mon 03 Jan 2022 23:21:07 - applog - INFO - 新增：33
Mon 03 Jan 2022 23:21:07 - applog - DEBUG - 期刊:电子科技.csv,第8页，新增：0
Mon 03 Jan 2022 23:21:07 - applog - INFO - 期刊:电子科技.csv,新爬取文献数：0
Mon 03 Jan 2022 23:21:14 - applog - DEBUG - 设置参数
Mon 03 Jan 2022 23:21:24 - applog - INFO - 新增：50
Mon 03 Jan 2022 23:21:24 - applog - DEBUG - 期刊:管理科学.csv,第1页，新增：0
Mon 03 Jan 2022 23:21:25 - applog - INFO - 新增：50
Mon 03 Jan 2022 23:21:25 - applog - DEBUG - 期刊:管理科学.csv,第2页，新增：0
Mon 03 Jan 2022 23:21:25 - applog - INFO - 新增：50
Mon 03 Jan 2022 23:21:25 - applog - DEBUG - 期刊:管理科学.csv,第3页，新增：0
Mon 03 Jan 2022 23:21:26 - applog - INFO - 新增：4
Mon 03 Jan 2022 23:21:26 - applog - DEBUG - 期刊:管理科学.csv,第4页，新增：0
Mon 03 Jan 2022 23:21:26 - applog - INFO - 期刊:管理科学.csv,新爬取文献数：0
Mon 03 Jan 2022 23:21:33 - applog - DEBUG - 设置参数
Mon 03 Jan 2022 23:21:43 - applog - INFO - 新增：50
Mon 03 Jan 2022 23:21:43 - applog - DEBUG - 期刊:系统工程与电子技术.csv,第1页，新增：0
Mon 03 Jan 2022 23:21:44 - applog - INFO - 新增：50
Mon 03 Jan 2022 23:21:44 - applog - DEBUG - 期刊:系统工程与电子技术.csv,第2页，新增：0
Mon 03 Jan 2022 23:21:44 - applog - INFO - 新增：50
Mon 03 Jan 2022 23:21:44 - applog - DEBUG - 期刊:系统工程与电子技术.csv,第3页，新增：0
Mon 03 Jan 2022 23:21:45 - applog - INFO - 新增：50
Mon 03 Jan 2022 23:21:45 - applog - DEBUG - 期刊:系统工程与电子技术.csv,第4页，新增：0
Mon 03 Jan 2022 23:21:45 - applog - INFO - 新增：50
Mon 03 Jan 2022 23:21:45 - applog - DEBUG - 期刊:系统工程与电子技术.csv,第5页，新增：0
Mon 03 Jan 2022 23:21:46 - applog - INFO - 新增：50
Mon 03 Jan 2022 23:21:46 - applog - DEBUG - 期刊:系统工程与电子技术.csv,第6页，新增：0
Mon 03 Jan 2022 23:21:47 - applog - INFO - 新增：50
Mon 03 Jan 2022 23:21:47 - applog - DEBUG - 期刊:系统工程与电子技术.csv,第7页，新增：0
Mon 03 Jan 2022 23:21:47 - applog - INFO - 新增：50
Mon 03 Jan 2022 23:21:47 - applog - DEBUG - 期刊:系统工程与电子技术.csv,第8页，新增：0
Mon 03 Jan 2022 23:21:48 - applog - INFO - 新增：50
Mon 03 Jan 2022 23:21:48 - applog - DEBUG - 期刊:系统工程与电子技术.csv,第9页，新增：0
Mon 03 Jan 2022 23:21:48 - applog - INFO - 新增：50
Mon 03 Jan 2022 23:21:48 - applog - DEBUG - 期刊:系统工程与电子技术.csv,第10页，新增：0
Mon 03 Jan 2022 23:21:49 - applog - INFO - 新增：50
Mon 03 Jan 2022 23:21:49 - applog - DEBUG - 期刊:系统工程与电子技术.csv,第11页，新增：0
Mon 03 Jan 2022 23:21:49 - applog - INFO - 新增：50
Mon 03 Jan 2022 23:21:49 - applog - DEBUG - 期刊:系统工程与电子技术.csv,第12页，新增：0
Mon 03 Jan 2022 23:21:50 - applog - INFO - 新增：50
Mon 03 Jan 2022 23:21:50 - applog - DEBUG - 期刊:系统工程与电子技术.csv,第13页，新增：0
Mon 03 Jan 2022 23:21:51 - applog - INFO - 新增：50
Mon 03 Jan 2022 23:21:51 - applog - DEBUG - 期刊:系统工程与电子技术.csv,第14页，新增：0
Mon 03 Jan 2022 23:21:51 - applog - INFO - 新增：50
Mon 03 Jan 2022 23:21:51 - applog - DEBUG - 期刊:系统工程与电子技术.csv,第15页，新增：0
Mon 03 Jan 2022 23:21:52 - applog - INFO - 新增：16
Mon 03 Jan 2022 23:21:52 - applog - DEBUG - 期刊:系统工程与电子技术.csv,第16页，新增：0
Mon 03 Jan 2022 23:21:52 - applog - INFO - 期刊:系统工程与电子技术.csv,新爬取文献数：0
Mon 03 Jan 2022 23:21:59 - applog - DEBUG - 设置参数
Mon 03 Jan 2022 23:22:09 - applog - INFO - 新增：50
Mon 03 Jan 2022 23:22:09 - applog - DEBUG - 期刊:自动化学报.csv,第1页，新增：0
Mon 03 Jan 2022 23:22:10 - applog - INFO - 新增：50
Mon 03 Jan 2022 23:22:10 - applog - DEBUG - 期刊:自动化学报.csv,第2页，新增：0
Mon 03 Jan 2022 23:22:11 - applog - INFO - 新增：50
Mon 03 Jan 2022 23:22:11 - applog - DEBUG - 期刊:自动化学报.csv,第3页，新增：0
Mon 03 Jan 2022 23:22:12 - applog - INFO - 新增：50
Mon 03 Jan 2022 23:22:12 - applog - DEBUG - 期刊:自动化学报.csv,第4页，新增：0
Mon 03 Jan 2022 23:22:13 - applog - INFO - 新增：50
Mon 03 Jan 2022 23:22:13 - applog - DEBUG - 期刊:自动化学报.csv,第5页，新增：0
Mon 03 Jan 2022 23:22:14 - applog - INFO - 新增：50
Mon 03 Jan 2022 23:22:14 - applog - DEBUG - 期刊:自动化学报.csv,第6页，新增：0
Mon 03 Jan 2022 23:22:15 - applog - INFO - 新增：50
Mon 03 Jan 2022 23:22:15 - applog - DEBUG - 期刊:自动化学报.csv,第7页，新增：0
Mon 03 Jan 2022 23:22:16 - applog - INFO - 新增：50
Mon 03 Jan 2022 23:22:16 - applog - DEBUG - 期刊:自动化学报.csv,第8页，新增：0
Mon 03 Jan 2022 23:22:17 - applog - INFO - 新增：18
Mon 03 Jan 2022 23:22:17 - applog - DEBUG - 期刊:自动化学报.csv,第9页，新增：0
Mon 03 Jan 2022 23:22:17 - applog - INFO - 期刊:自动化学报.csv,新爬取文献数：0
Mon 03 Jan 2022 23:22:24 - applog - DEBUG - 设置参数
Mon 03 Jan 2022 23:22:34 - applog - INFO - 新增：50
Mon 03 Jan 2022 23:22:34 - applog - DEBUG - 期刊:东北农业大学学报.csv,第1页，新增：0
Mon 03 Jan 2022 23:22:35 - applog - INFO - 新增：50
Mon 03 Jan 2022 23:22:35 - applog - DEBUG - 期刊:东北农业大学学报.csv,第2页，新增：0
Mon 03 Jan 2022 23:22:35 - applog - INFO - 新增：50
Mon 03 Jan 2022 23:22:35 - applog - DEBUG - 期刊:东北农业大学学报.csv,第3页，新增：0
Mon 03 Jan 2022 23:22:36 - applog - INFO - 新增：50
Mon 03 Jan 2022 23:22:36 - applog - DEBUG - 期刊:东北农业大学学报.csv,第4页，新增：0
Mon 03 Jan 2022 23:22:37 - applog - INFO - 新增：50
Mon 03 Jan 2022 23:22:37 - applog - DEBUG - 期刊:东北农业大学学报.csv,第5页，新增：0
Mon 03 Jan 2022 23:22:37 - applog - INFO - 新增：7
Mon 03 Jan 2022 23:22:37 - applog - DEBUG - 期刊:东北农业大学学报.csv,第6页，新增：0
Mon 03 Jan 2022 23:22:37 - applog - INFO - 期刊:东北农业大学学报.csv,新爬取文献数：0
Mon 03 Jan 2022 23:22:44 - applog - DEBUG - 设置参数
Mon 03 Jan 2022 23:22:54 - applog - INFO - 新增：50
Mon 03 Jan 2022 23:22:54 - applog - DEBUG - 期刊:中国油料作物学报.csv,第1页，新增：0
Mon 03 Jan 2022 23:22:55 - applog - INFO - 新增：50
Mon 03 Jan 2022 23:22:55 - applog - DEBUG - 期刊:中国油料作物学报.csv,第2页，新增：0
Mon 03 Jan 2022 23:22:55 - applog - INFO - 新增：50
Mon 03 Jan 2022 23:22:55 - applog - DEBUG - 期刊:中国油料作物学报.csv,第3页，新增：0
Mon 03 Jan 2022 23:22:56 - applog - INFO - 新增：50
Mon 03 Jan 2022 23:22:56 - applog - DEBUG - 期刊:中国油料作物学报.csv,第4页，新增：0
Mon 03 Jan 2022 23:22:56 - applog - INFO - 新增：50
Mon 03 Jan 2022 23:22:56 - applog - DEBUG - 期刊:中国油料作物学报.csv,第5页，新增：0
Mon 03 Jan 2022 23:22:57 - applog - INFO - 新增：18
Mon 03 Jan 2022 23:22:57 - applog - DEBUG - 期刊:中国油料作物学报.csv,第6页，新增：0
Mon 03 Jan 2022 23:22:57 - applog - INFO - 期刊:中国油料作物学报.csv,新爬取文献数：0
Mon 03 Jan 2022 23:23:07 - applog - DEBUG - 设置参数
Mon 03 Jan 2022 23:23:17 - applog - INFO - 新增：50
Mon 03 Jan 2022 23:23:17 - applog - DEBUG - 期刊:中国生物医学工程学报.csv,第1页，新增：0
Mon 03 Jan 2022 23:23:17 - applog - INFO - 新增：50
Mon 03 Jan 2022 23:23:17 - applog - DEBUG - 期刊:中国生物医学工程学报.csv,第2页，新增：0
Mon 03 Jan 2022 23:23:18 - applog - INFO - 新增：50
Mon 03 Jan 2022 23:23:18 - applog - DEBUG - 期刊:中国生物医学工程学报.csv,第3页，新增：0
Mon 03 Jan 2022 23:23:18 - applog - INFO - 新增：41
Mon 03 Jan 2022 23:23:18 - applog - DEBUG - 期刊:中国生物医学工程学报.csv,第4页，新增：0
Mon 03 Jan 2022 23:23:18 - applog - INFO - 期刊:中国生物医学工程学报.csv,新爬取文献数：0
Mon 03 Jan 2022 23:23:25 - applog - DEBUG - 设置参数
Mon 03 Jan 2022 23:23:35 - applog - INFO - 新增：50
Mon 03 Jan 2022 23:23:35 - applog - DEBUG - 期刊:作物学报.csv,第1页，新增：0
Mon 03 Jan 2022 23:23:36 - applog - INFO - 新增：50
Mon 03 Jan 2022 23:23:36 - applog - DEBUG - 期刊:作物学报.csv,第2页，新增：0
Mon 03 Jan 2022 23:23:37 - applog - INFO - 新增：50
Mon 03 Jan 2022 23:23:37 - applog - DEBUG - 期刊:作物学报.csv,第3页，新增：0
Mon 03 Jan 2022 23:23:37 - applog - INFO - 新增：50
Mon 03 Jan 2022 23:23:37 - applog - DEBUG - 期刊:作物学报.csv,第4页，新增：0
Mon 03 Jan 2022 23:23:38 - applog - INFO - 新增：50
Mon 03 Jan 2022 23:23:38 - applog - DEBUG - 期刊:作物学报.csv,第5页，新增：0
Mon 03 Jan 2022 23:23:39 - applog - INFO - 新增：50
Mon 03 Jan 2022 23:23:39 - applog - DEBUG - 期刊:作物学报.csv,第6页，新增：0
Mon 03 Jan 2022 23:23:39 - applog - INFO - 新增：50
Mon 03 Jan 2022 23:23:39 - applog - DEBUG - 期刊:作物学报.csv,第7页，新增：0
Mon 03 Jan 2022 23:23:40 - applog - INFO - 新增：50
Mon 03 Jan 2022 23:23:40 - applog - DEBUG - 期刊:作物学报.csv,第8页，新增：0
Mon 03 Jan 2022 23:23:40 - applog - INFO - 新增：14
Mon 03 Jan 2022 23:23:40 - applog - DEBUG - 期刊:作物学报.csv,第9页，新增：0
Mon 03 Jan 2022 23:23:40 - applog - INFO - 期刊:作物学报.csv,新爬取文献数：0
Mon 03 Jan 2022 23:23:47 - applog - DEBUG - 设置参数
Mon 03 Jan 2022 23:24:03 - applog - DEBUG - 设置参数
Mon 03 Jan 2022 23:24:13 - applog - INFO - 新增：50
Mon 03 Jan 2022 23:24:13 - applog - DEBUG - 期刊:土壤.csv,第1页，新增：0
Mon 03 Jan 2022 23:24:13 - applog - INFO - 新增：50
Mon 03 Jan 2022 23:24:13 - applog - DEBUG - 期刊:土壤.csv,第2页，新增：0
Mon 03 Jan 2022 23:24:14 - applog - INFO - 新增：50
Mon 03 Jan 2022 23:24:14 - applog - DEBUG - 期刊:土壤.csv,第3页，新增：0
Mon 03 Jan 2022 23:24:14 - applog - INFO - 新增：50
Mon 03 Jan 2022 23:24:14 - applog - DEBUG - 期刊:土壤.csv,第4页，新增：0
Mon 03 Jan 2022 23:24:15 - applog - INFO - 新增：50
Mon 03 Jan 2022 23:24:15 - applog - DEBUG - 期刊:土壤.csv,第5页，新增：0
Mon 03 Jan 2022 23:24:16 - applog - INFO - 新增：50
Mon 03 Jan 2022 23:24:16 - applog - DEBUG - 期刊:土壤.csv,第6页，新增：0
Mon 03 Jan 2022 23:24:16 - applog - INFO - 新增：41
Mon 03 Jan 2022 23:24:16 - applog - DEBUG - 期刊:土壤.csv,第7页，新增：0
Mon 03 Jan 2022 23:24:16 - applog - INFO - 期刊:土壤.csv,新爬取文献数：0
Mon 03 Jan 2022 23:24:23 - applog - DEBUG - 设置参数
Mon 03 Jan 2022 23:24:33 - applog - INFO - 新增：50
Mon 03 Jan 2022 23:24:33 - applog - DEBUG - 期刊:世界中医药.csv,第1页，新增：0
Mon 03 Jan 2022 23:24:34 - applog - INFO - 新增：50
Mon 03 Jan 2022 23:24:34 - applog - DEBUG - 期刊:世界中医药.csv,第2页，新增：0
Mon 03 Jan 2022 23:24:35 - applog - INFO - 新增：50
Mon 03 Jan 2022 23:24:35 - applog - DEBUG - 期刊:世界中医药.csv,第3页，新增：0
Mon 03 Jan 2022 23:24:35 - applog - INFO - 新增：50
Mon 03 Jan 2022 23:24:35 - applog - DEBUG - 期刊:世界中医药.csv,第4页，新增：0
Mon 03 Jan 2022 23:24:36 - applog - INFO - 新增：50
Mon 03 Jan 2022 23:24:36 - applog - DEBUG - 期刊:世界中医药.csv,第5页，新增：0
Mon 03 Jan 2022 23:24:37 - applog - INFO - 新增：50
Mon 03 Jan 2022 23:24:37 - applog - DEBUG - 期刊:世界中医药.csv,第6页，新增：0
Mon 03 Jan 2022 23:24:38 - applog - INFO - 新增：50
Mon 03 Jan 2022 23:24:38 - applog - DEBUG - 期刊:世界中医药.csv,第7页，新增：0
Mon 03 Jan 2022 23:24:39 - applog - INFO - 新增：50
Mon 03 Jan 2022 23:24:39 - applog - DEBUG - 期刊:世界中医药.csv,第8页，新增：0
Mon 03 Jan 2022 23:24:39 - applog - INFO - 新增：50
Mon 03 Jan 2022 23:24:39 - applog - DEBUG - 期刊:世界中医药.csv,第9页，新增：0
Mon 03 Jan 2022 23:24:40 - applog - INFO - 新增：50
Mon 03 Jan 2022 23:24:40 - applog - DEBUG - 期刊:世界中医药.csv,第10页，新增：0
Mon 03 Jan 2022 23:24:41 - applog - INFO - 新增：50
Mon 03 Jan 2022 23:24:41 - applog - DEBUG - 期刊:世界中医药.csv,第11页，新增：0
Mon 03 Jan 2022 23:24:42 - applog - INFO - 新增：50
Mon 03 Jan 2022 23:24:42 - applog - DEBUG - 期刊:世界中医药.csv,第12页，新增：0
Mon 03 Jan 2022 23:24:43 - applog - INFO - 新增：50
Mon 03 Jan 2022 23:24:43 - applog - DEBUG - 期刊:世界中医药.csv,第13页，新增：0
Mon 03 Jan 2022 23:24:44 - applog - INFO - 新增：50
Mon 03 Jan 2022 23:24:44 - applog - DEBUG - 期刊:世界中医药.csv,第14页，新增：0
Mon 03 Jan 2022 23:24:45 - applog - INFO - 新增：50
Mon 03 Jan 2022 23:24:45 - applog - DEBUG - 期刊:世界中医药.csv,第15页，新增：0
Mon 03 Jan 2022 23:24:46 - applog - INFO - 新增：50
Mon 03 Jan 2022 23:24:46 - applog - DEBUG - 期刊:世界中医药.csv,第16页，新增：0
Mon 03 Jan 2022 23:24:47 - applog - INFO - 新增：50
Mon 03 Jan 2022 23:24:47 - applog - DEBUG - 期刊:世界中医药.csv,第17页，新增：0
Mon 03 Jan 2022 23:24:48 - applog - INFO - 新增：50
Mon 03 Jan 2022 23:24:48 - applog - DEBUG - 期刊:世界中医药.csv,第18页，新增：0
Mon 03 Jan 2022 23:24:49 - applog - INFO - 新增：50
Mon 03 Jan 2022 23:24:49 - applog - DEBUG - 期刊:世界中医药.csv,第19页，新增：0
Mon 03 Jan 2022 23:24:49 - applog - INFO - 新增：50
Mon 03 Jan 2022 23:24:49 - applog - DEBUG - 期刊:世界中医药.csv,第20页，新增：0
Mon 03 Jan 2022 23:24:50 - applog - INFO - 新增：50
Mon 03 Jan 2022 23:24:50 - applog - DEBUG - 期刊:世界中医药.csv,第21页，新增：0
Mon 03 Jan 2022 23:24:51 - applog - INFO - 新增：50
Mon 03 Jan 2022 23:24:51 - applog - DEBUG - 期刊:世界中医药.csv,第22页，新增：0
Mon 03 Jan 2022 23:24:52 - applog - INFO - 新增：50
Mon 03 Jan 2022 23:24:52 - applog - DEBUG - 期刊:世界中医药.csv,第23页，新增：0
Mon 03 Jan 2022 23:24:53 - applog - INFO - 新增：50
Mon 03 Jan 2022 23:24:53 - applog - DEBUG - 期刊:世界中医药.csv,第24页，新增：0
Mon 03 Jan 2022 23:24:54 - applog - INFO - 新增：50
Mon 03 Jan 2022 23:24:54 - applog - DEBUG - 期刊:世界中医药.csv,第25页，新增：0
Mon 03 Jan 2022 23:24:54 - applog - INFO - 新增：50
Mon 03 Jan 2022 23:24:54 - applog - DEBUG - 期刊:世界中医药.csv,第26页，新增：0
Mon 03 Jan 2022 23:24:55 - applog - INFO - 新增：50
Mon 03 Jan 2022 23:24:55 - applog - DEBUG - 期刊:世界中医药.csv,第27页，新增：0
Mon 03 Jan 2022 23:24:56 - applog - INFO - 新增：50
Mon 03 Jan 2022 23:24:56 - applog - DEBUG - 期刊:世界中医药.csv,第28页，新增：0
Mon 03 Jan 2022 23:24:57 - applog - INFO - 新增：50
Mon 03 Jan 2022 23:24:57 - applog - DEBUG - 期刊:世界中医药.csv,第29页，新增：0
Mon 03 Jan 2022 23:24:57 - applog - DEBUG - 期刊:世界中医药.csv,第30页爬取失败
Mon 03 Jan 2022 23:24:57 - applog - INFO - 期刊:世界中医药.csv,新爬取文献数：0
Mon 03 Jan 2022 23:25:04 - applog - DEBUG - 设置参数
Mon 03 Jan 2022 23:25:14 - applog - INFO - 新增：50
Mon 03 Jan 2022 23:25:14 - applog - DEBUG - 期刊:世界中西医结合杂志.csv,第1页，新增：0
Mon 03 Jan 2022 23:25:14 - applog - INFO - 新增：50
Mon 03 Jan 2022 23:25:14 - applog - DEBUG - 期刊:世界中西医结合杂志.csv,第2页，新增：0
Mon 03 Jan 2022 23:25:15 - applog - INFO - 新增：50
Mon 03 Jan 2022 23:25:15 - applog - DEBUG - 期刊:世界中西医结合杂志.csv,第3页，新增：0
Mon 03 Jan 2022 23:25:16 - applog - INFO - 新增：50
Mon 03 Jan 2022 23:25:16 - applog - DEBUG - 期刊:世界中西医结合杂志.csv,第4页，新增：0
Mon 03 Jan 2022 23:25:16 - applog - INFO - 新增：50
Mon 03 Jan 2022 23:25:16 - applog - DEBUG - 期刊:世界中西医结合杂志.csv,第5页，新增：0
Mon 03 Jan 2022 23:25:17 - applog - INFO - 新增：50
Mon 03 Jan 2022 23:25:17 - applog - DEBUG - 期刊:世界中西医结合杂志.csv,第6页，新增：0
Mon 03 Jan 2022 23:25:18 - applog - INFO - 新增：50
Mon 03 Jan 2022 23:25:18 - applog - DEBUG - 期刊:世界中西医结合杂志.csv,第7页，新增：0
Mon 03 Jan 2022 23:25:18 - applog - INFO - 新增：50
Mon 03 Jan 2022 23:25:18 - applog - DEBUG - 期刊:世界中西医结合杂志.csv,第8页，新增：0
Mon 03 Jan 2022 23:25:19 - applog - INFO - 新增：50
Mon 03 Jan 2022 23:25:19 - applog - DEBUG - 期刊:世界中西医结合杂志.csv,第9页，新增：0
Mon 03 Jan 2022 23:25:19 - applog - INFO - 新增：50
Mon 03 Jan 2022 23:25:19 - applog - DEBUG - 期刊:世界中西医结合杂志.csv,第10页，新增：0
Mon 03 Jan 2022 23:25:20 - applog - INFO - 新增：50
Mon 03 Jan 2022 23:25:20 - applog - DEBUG - 期刊:世界中西医结合杂志.csv,第11页，新增：0
Mon 03 Jan 2022 23:25:20 - applog - INFO - 新增：50
Mon 03 Jan 2022 23:25:20 - applog - DEBUG - 期刊:世界中西医结合杂志.csv,第12页，新增：0
Mon 03 Jan 2022 23:25:21 - applog - INFO - 新增：50
Mon 03 Jan 2022 23:25:21 - applog - DEBUG - 期刊:世界中西医结合杂志.csv,第13页，新增：0
Mon 03 Jan 2022 23:25:22 - applog - INFO - 新增：50
Mon 03 Jan 2022 23:25:22 - applog - DEBUG - 期刊:世界中西医结合杂志.csv,第14页，新增：0
Mon 03 Jan 2022 23:25:22 - applog - INFO - 新增：50
Mon 03 Jan 2022 23:25:22 - applog - DEBUG - 期刊:世界中西医结合杂志.csv,第15页，新增：0
Mon 03 Jan 2022 23:25:23 - applog - INFO - 新增：50
Mon 03 Jan 2022 23:25:23 - applog - DEBUG - 期刊:世界中西医结合杂志.csv,第16页，新增：0
Mon 03 Jan 2022 23:25:23 - applog - INFO - 新增：50
Mon 03 Jan 2022 23:25:23 - applog - DEBUG - 期刊:世界中西医结合杂志.csv,第17页，新增：0
Mon 03 Jan 2022 23:25:24 - applog - INFO - 新增：50
Mon 03 Jan 2022 23:25:24 - applog - DEBUG - 期刊:世界中西医结合杂志.csv,第18页，新增：0
Mon 03 Jan 2022 23:25:25 - applog - INFO - 新增：50
Mon 03 Jan 2022 23:25:25 - applog - DEBUG - 期刊:世界中西医结合杂志.csv,第19页，新增：0
Mon 03 Jan 2022 23:25:25 - applog - INFO - 新增：44
Mon 03 Jan 2022 23:25:25 - applog - DEBUG - 期刊:世界中西医结合杂志.csv,第20页，新增：0
Mon 03 Jan 2022 23:25:25 - applog - INFO - 期刊:世界中西医结合杂志.csv,新爬取文献数：0
Mon 03 Jan 2022 23:25:32 - applog - DEBUG - 设置参数
Mon 03 Jan 2022 23:25:50 - applog - DEBUG - 设置参数
Mon 03 Jan 2022 23:26:00 - applog - INFO - 新增：50
Mon 03 Jan 2022 23:26:00 - applog - DEBUG - 期刊:中医药文化.csv,第1页，新增：0
Mon 03 Jan 2022 23:26:01 - applog - INFO - 新增：50
Mon 03 Jan 2022 23:26:01 - applog - DEBUG - 期刊:中医药文化.csv,第2页，新增：0
Mon 03 Jan 2022 23:26:01 - applog - INFO - 新增：50
Mon 03 Jan 2022 23:26:01 - applog - DEBUG - 期刊:中医药文化.csv,第3页，新增：0
Mon 03 Jan 2022 23:26:01 - applog - INFO - 新增：41
Mon 03 Jan 2022 23:26:01 - applog - DEBUG - 期刊:中医药文化.csv,第4页，新增：0
Mon 03 Jan 2022 23:26:01 - applog - INFO - 期刊:中医药文化.csv,新爬取文献数：0
Mon 03 Jan 2022 23:26:08 - applog - DEBUG - 设置参数
Mon 03 Jan 2022 23:26:18 - applog - INFO - 新增：50
Mon 03 Jan 2022 23:26:18 - applog - DEBUG - 期刊:中华心血管病杂志.csv,第1页，新增：0
Mon 03 Jan 2022 23:26:19 - applog - INFO - 新增：50
Mon 03 Jan 2022 23:26:19 - applog - DEBUG - 期刊:中华心血管病杂志.csv,第2页，新增：0
Mon 03 Jan 2022 23:26:19 - applog - INFO - 新增：50
Mon 03 Jan 2022 23:26:19 - applog - DEBUG - 期刊:中华心血管病杂志.csv,第3页，新增：18
Mon 03 Jan 2022 23:26:20 - applog - INFO - 新增：50
Mon 03 Jan 2022 23:26:20 - applog - DEBUG - 期刊:中华心血管病杂志.csv,第4页，新增：18
Mon 03 Jan 2022 23:26:20 - applog - INFO - 新增：50
Mon 03 Jan 2022 23:26:20 - applog - DEBUG - 期刊:中华心血管病杂志.csv,第5页，新增：33
Mon 03 Jan 2022 23:26:21 - applog - INFO - 新增：50
Mon 03 Jan 2022 23:26:21 - applog - DEBUG - 期刊:中华心血管病杂志.csv,第6页，新增：22
Mon 03 Jan 2022 23:26:21 - applog - INFO - 新增：50
Mon 03 Jan 2022 23:26:21 - applog - DEBUG - 期刊:中华心血管病杂志.csv,第7页，新增：27
Mon 03 Jan 2022 23:26:22 - applog - INFO - 新增：50
Mon 03 Jan 2022 23:26:22 - applog - DEBUG - 期刊:中华心血管病杂志.csv,第8页，新增：22
Mon 03 Jan 2022 23:26:23 - applog - INFO - 新增：50
Mon 03 Jan 2022 23:26:23 - applog - DEBUG - 期刊:中华心血管病杂志.csv,第9页，新增：25
Mon 03 Jan 2022 23:26:23 - applog - INFO - 新增：50
Mon 03 Jan 2022 23:26:23 - applog - DEBUG - 期刊:中华心血管病杂志.csv,第10页，新增：25
Mon 03 Jan 2022 23:26:24 - applog - INFO - 新增：50
Mon 03 Jan 2022 23:26:24 - applog - DEBUG - 期刊:中华心血管病杂志.csv,第11页，新增：23
Mon 03 Jan 2022 23:26:24 - applog - INFO - 新增：50
Mon 03 Jan 2022 23:26:24 - applog - DEBUG - 期刊:中华心血管病杂志.csv,第12页，新增：27
Mon 03 Jan 2022 23:26:25 - applog - INFO - 新增：50
Mon 03 Jan 2022 23:26:25 - applog - DEBUG - 期刊:中华心血管病杂志.csv,第13页，新增：19
Mon 03 Jan 2022 23:26:25 - applog - INFO - 新增：8
Mon 03 Jan 2022 23:26:25 - applog - DEBUG - 期刊:中华心血管病杂志.csv,第14页，新增：8
Mon 03 Jan 2022 23:26:25 - applog - INFO - 期刊:中华心血管病杂志.csv,新爬取文献数：267
Tue 04 Jan 2022 12:44:09 - applog - DEBUG - 设置参数
Tue 04 Jan 2022 12:44:19 - applog - INFO - 新增：50
Tue 04 Jan 2022 12:44:19 - applog - DEBUG - 期刊:中草药.csv,第1页，新增：0
Tue 04 Jan 2022 12:44:20 - applog - INFO - 新增：50
Tue 04 Jan 2022 12:44:20 - applog - DEBUG - 期刊:中草药.csv,第2页，新增：0
Tue 04 Jan 2022 12:44:21 - applog - INFO - 新增：50
Tue 04 Jan 2022 12:44:21 - applog - DEBUG - 期刊:中草药.csv,第3页，新增：0
Tue 04 Jan 2022 12:44:21 - applog - INFO - 新增：50
Tue 04 Jan 2022 12:44:21 - applog - DEBUG - 期刊:中草药.csv,第4页，新增：0
Tue 04 Jan 2022 12:44:22 - applog - INFO - 新增：50
Tue 04 Jan 2022 12:44:22 - applog - DEBUG - 期刊:中草药.csv,第5页，新增：0
Tue 04 Jan 2022 12:44:23 - applog - INFO - 新增：50
Tue 04 Jan 2022 12:44:23 - applog - DEBUG - 期刊:中草药.csv,第6页，新增：0
Tue 04 Jan 2022 12:44:24 - applog - INFO - 新增：50
Tue 04 Jan 2022 12:44:24 - applog - DEBUG - 期刊:中草药.csv,第7页，新增：0
Tue 04 Jan 2022 12:44:25 - applog - INFO - 新增：50
Tue 04 Jan 2022 12:44:25 - applog - DEBUG - 期刊:中草药.csv,第8页，新增：0
Tue 04 Jan 2022 12:44:26 - applog - INFO - 新增：50
Tue 04 Jan 2022 12:44:26 - applog - DEBUG - 期刊:中草药.csv,第9页，新增：0
Tue 04 Jan 2022 12:44:26 - applog - INFO - 新增：50
Tue 04 Jan 2022 12:44:26 - applog - DEBUG - 期刊:中草药.csv,第10页，新增：0
Tue 04 Jan 2022 12:44:27 - applog - INFO - 新增：50
Tue 04 Jan 2022 12:44:27 - applog - DEBUG - 期刊:中草药.csv,第11页，新增：0
Tue 04 Jan 2022 12:44:28 - applog - INFO - 新增：50
Tue 04 Jan 2022 12:44:28 - applog - DEBUG - 期刊:中草药.csv,第12页，新增：0
Tue 04 Jan 2022 12:44:29 - applog - INFO - 新增：50
Tue 04 Jan 2022 12:44:29 - applog - DEBUG - 期刊:中草药.csv,第13页，新增：0
Tue 04 Jan 2022 12:44:30 - applog - INFO - 新增：50
Tue 04 Jan 2022 12:44:30 - applog - DEBUG - 期刊:中草药.csv,第14页，新增：0
Tue 04 Jan 2022 12:44:30 - applog - INFO - 新增：50
Tue 04 Jan 2022 12:44:30 - applog - DEBUG - 期刊:中草药.csv,第15页，新增：0
Tue 04 Jan 2022 12:44:31 - applog - INFO - 新增：50
Tue 04 Jan 2022 12:44:31 - applog - DEBUG - 期刊:中草药.csv,第16页，新增：0
Tue 04 Jan 2022 12:44:32 - applog - INFO - 新增：50
Tue 04 Jan 2022 12:44:32 - applog - DEBUG - 期刊:中草药.csv,第17页，新增：0
Tue 04 Jan 2022 12:44:33 - applog - INFO - 新增：50
Tue 04 Jan 2022 12:44:33 - applog - DEBUG - 期刊:中草药.csv,第18页，新增：0
Tue 04 Jan 2022 12:44:34 - applog - INFO - 新增：50
Tue 04 Jan 2022 12:44:34 - applog - DEBUG - 期刊:中草药.csv,第19页，新增：0
Tue 04 Jan 2022 12:44:35 - applog - INFO - 新增：50
Tue 04 Jan 2022 12:44:35 - applog - DEBUG - 期刊:中草药.csv,第20页，新增：0
Tue 04 Jan 2022 12:44:36 - applog - INFO - 新增：50
Tue 04 Jan 2022 12:44:36 - applog - DEBUG - 期刊:中草药.csv,第21页，新增：0
Tue 04 Jan 2022 12:44:36 - applog - INFO - 新增：50
Tue 04 Jan 2022 12:44:36 - applog - DEBUG - 期刊:中草药.csv,第22页，新增：0
Tue 04 Jan 2022 12:44:37 - applog - INFO - 新增：50
Tue 04 Jan 2022 12:44:37 - applog - DEBUG - 期刊:中草药.csv,第23页，新增：0
Tue 04 Jan 2022 12:44:38 - applog - INFO - 新增：50
Tue 04 Jan 2022 12:44:38 - applog - DEBUG - 期刊:中草药.csv,第24页，新增：0
Tue 04 Jan 2022 12:44:39 - applog - INFO - 新增：50
Tue 04 Jan 2022 12:44:39 - applog - DEBUG - 期刊:中草药.csv,第25页，新增：0
Tue 04 Jan 2022 12:44:40 - applog - INFO - 新增：50
Tue 04 Jan 2022 12:44:40 - applog - DEBUG - 期刊:中草药.csv,第26页，新增：0
Tue 04 Jan 2022 12:44:41 - applog - INFO - 新增：50
Tue 04 Jan 2022 12:44:41 - applog - DEBUG - 期刊:中草药.csv,第27页，新增：0
Tue 04 Jan 2022 12:44:41 - applog - INFO - 新增：50
Tue 04 Jan 2022 12:44:41 - applog - DEBUG - 期刊:中草药.csv,第28页，新增：0
Tue 04 Jan 2022 12:44:42 - applog - INFO - 新增：50
Tue 04 Jan 2022 12:44:42 - applog - DEBUG - 期刊:中草药.csv,第29页，新增：0
Tue 04 Jan 2022 12:44:43 - applog - DEBUG - 期刊:中草药.csv,第30页爬取失败
Tue 04 Jan 2022 12:44:43 - applog - INFO - 期刊:中草药.csv,新爬取文献数：0
Tue 04 Jan 2022 12:44:49 - applog - DEBUG - 设置参数
Tue 04 Jan 2022 12:44:59 - applog - INFO - 新增：50
Tue 04 Jan 2022 12:44:59 - applog - DEBUG - 期刊:中西医结合护理(中英文).csv,第30页，新增：0
Tue 04 Jan 2022 12:44:59 - applog - INFO - 新增：50
Tue 04 Jan 2022 12:44:59 - applog - DEBUG - 期刊:中西医结合护理(中英文).csv,第31页，新增：0
Tue 04 Jan 2022 12:45:00 - applog - INFO - 新增：50
Tue 04 Jan 2022 12:45:00 - applog - DEBUG - 期刊:中西医结合护理(中英文).csv,第32页，新增：0
Tue 04 Jan 2022 12:45:00 - applog - INFO - 新增：50
Tue 04 Jan 2022 12:45:00 - applog - DEBUG - 期刊:中西医结合护理(中英文).csv,第33页，新增：0
Tue 04 Jan 2022 12:45:01 - applog - INFO - 新增：38
Tue 04 Jan 2022 12:45:01 - applog - DEBUG - 期刊:中西医结合护理(中英文).csv,第34页，新增：0
Tue 04 Jan 2022 12:45:01 - applog - INFO - 期刊:中西医结合护理(中英文).csv,新爬取文献数：0
Tue 04 Jan 2022 12:45:07 - applog - DEBUG - 设置参数
Tue 04 Jan 2022 12:45:16 - applog - INFO - 新增：50
Tue 04 Jan 2022 12:45:16 - applog - DEBUG - 期刊:园艺学报.csv,第1页，新增：0
Tue 04 Jan 2022 12:45:17 - applog - INFO - 新增：50
Tue 04 Jan 2022 12:45:17 - applog - DEBUG - 期刊:园艺学报.csv,第2页，新增：0
Tue 04 Jan 2022 12:45:18 - applog - INFO - 新增：50
Tue 04 Jan 2022 12:45:18 - applog - DEBUG - 期刊:园艺学报.csv,第3页，新增：0
Tue 04 Jan 2022 12:45:18 - applog - INFO - 新增：50
Tue 04 Jan 2022 12:45:18 - applog - DEBUG - 期刊:园艺学报.csv,第4页，新增：0
Tue 04 Jan 2022 12:45:19 - applog - INFO - 新增：50
Tue 04 Jan 2022 12:45:19 - applog - DEBUG - 期刊:园艺学报.csv,第5页，新增：0
Tue 04 Jan 2022 12:45:19 - applog - INFO - 新增：50
Tue 04 Jan 2022 12:45:19 - applog - DEBUG - 期刊:园艺学报.csv,第6页，新增：0
Tue 04 Jan 2022 12:45:20 - applog - INFO - 新增：50
Tue 04 Jan 2022 12:45:20 - applog - DEBUG - 期刊:园艺学报.csv,第7页，新增：0
Tue 04 Jan 2022 12:45:20 - applog - INFO - 新增：50
Tue 04 Jan 2022 12:45:20 - applog - DEBUG - 期刊:园艺学报.csv,第8页，新增：0
Tue 04 Jan 2022 12:45:21 - applog - INFO - 新增：50
Tue 04 Jan 2022 12:45:21 - applog - DEBUG - 期刊:园艺学报.csv,第9页，新增：0
Tue 04 Jan 2022 12:45:22 - applog - INFO - 新增：50
Tue 04 Jan 2022 12:45:22 - applog - DEBUG - 期刊:园艺学报.csv,第10页，新增：0
Tue 04 Jan 2022 12:45:22 - applog - INFO - 新增：50
Tue 04 Jan 2022 12:45:22 - applog - DEBUG - 期刊:园艺学报.csv,第11页，新增：0
Tue 04 Jan 2022 12:45:23 - applog - INFO - 新增：50
Tue 04 Jan 2022 12:45:23 - applog - DEBUG - 期刊:园艺学报.csv,第12页，新增：0
Tue 04 Jan 2022 12:45:23 - applog - INFO - 新增：50
Tue 04 Jan 2022 12:45:23 - applog - DEBUG - 期刊:园艺学报.csv,第13页，新增：0
Tue 04 Jan 2022 12:45:24 - applog - INFO - 新增：50
Tue 04 Jan 2022 12:45:24 - applog - DEBUG - 期刊:园艺学报.csv,第14页，新增：0
Tue 04 Jan 2022 12:45:24 - applog - INFO - 新增：50
Tue 04 Jan 2022 12:45:24 - applog - DEBUG - 期刊:园艺学报.csv,第15页，新增：0
Tue 04 Jan 2022 12:45:25 - applog - INFO - 新增：15
Tue 04 Jan 2022 12:45:25 - applog - DEBUG - 期刊:园艺学报.csv,第16页，新增：0
Tue 04 Jan 2022 12:45:25 - applog - INFO - 期刊:园艺学报.csv,新爬取文献数：0
Tue 04 Jan 2022 12:45:31 - applog - DEBUG - 设置参数
Tue 04 Jan 2022 12:45:41 - applog - INFO - 新增：50
Tue 04 Jan 2022 12:45:41 - applog - DEBUG - 期刊:世界中医药.csv,第30页，新增：0
Tue 04 Jan 2022 12:45:43 - applog - INFO - 新增：50
Tue 04 Jan 2022 12:45:43 - applog - DEBUG - 期刊:世界中医药.csv,第31页，新增：0
Tue 04 Jan 2022 12:45:43 - applog - INFO - 新增：23
Tue 04 Jan 2022 12:45:43 - applog - DEBUG - 期刊:世界中医药.csv,第32页，新增：0
Tue 04 Jan 2022 12:45:43 - applog - INFO - 期刊:世界中医药.csv,新爬取文献数：0
Tue 04 Jan 2022 12:45:49 - applog - DEBUG - 设置参数
Tue 04 Jan 2022 12:45:59 - applog - INFO - 新增：50
Tue 04 Jan 2022 12:45:59 - applog - DEBUG - 期刊:中医杂志.csv,第1页，新增：0
Tue 04 Jan 2022 12:45:59 - applog - INFO - 新增：50
Tue 04 Jan 2022 12:45:59 - applog - DEBUG - 期刊:中医杂志.csv,第2页，新增：0
Tue 04 Jan 2022 12:46:00 - applog - INFO - 新增：50
Tue 04 Jan 2022 12:46:00 - applog - DEBUG - 期刊:中医杂志.csv,第3页，新增：0
Tue 04 Jan 2022 12:46:00 - applog - INFO - 新增：50
Tue 04 Jan 2022 12:46:00 - applog - DEBUG - 期刊:中医杂志.csv,第4页，新增：0
Tue 04 Jan 2022 12:46:01 - applog - INFO - 新增：50
Tue 04 Jan 2022 12:46:01 - applog - DEBUG - 期刊:中医杂志.csv,第5页，新增：0
Tue 04 Jan 2022 12:46:02 - applog - INFO - 新增：50
Tue 04 Jan 2022 12:46:02 - applog - DEBUG - 期刊:中医杂志.csv,第6页，新增：0
Tue 04 Jan 2022 12:46:02 - applog - INFO - 新增：50
Tue 04 Jan 2022 12:46:02 - applog - DEBUG - 期刊:中医杂志.csv,第7页，新增：0
Tue 04 Jan 2022 12:46:03 - applog - INFO - 新增：50
Tue 04 Jan 2022 12:46:03 - applog - DEBUG - 期刊:中医杂志.csv,第8页，新增：0
Tue 04 Jan 2022 12:46:03 - applog - INFO - 新增：50
Tue 04 Jan 2022 12:46:03 - applog - DEBUG - 期刊:中医杂志.csv,第9页，新增：0
Tue 04 Jan 2022 12:46:04 - applog - INFO - 新增：50
Tue 04 Jan 2022 12:46:04 - applog - DEBUG - 期刊:中医杂志.csv,第10页，新增：0
Tue 04 Jan 2022 12:46:05 - applog - INFO - 新增：50
Tue 04 Jan 2022 12:46:05 - applog - DEBUG - 期刊:中医杂志.csv,第11页，新增：0
Tue 04 Jan 2022 12:46:05 - applog - INFO - 新增：50
Tue 04 Jan 2022 12:46:05 - applog - DEBUG - 期刊:中医杂志.csv,第12页，新增：0
Tue 04 Jan 2022 12:46:06 - applog - INFO - 新增：50
Tue 04 Jan 2022 12:46:06 - applog - DEBUG - 期刊:中医杂志.csv,第13页，新增：0
Tue 04 Jan 2022 12:46:06 - applog - INFO - 新增：50
Tue 04 Jan 2022 12:46:06 - applog - DEBUG - 期刊:中医杂志.csv,第14页，新增：0
Tue 04 Jan 2022 12:46:07 - applog - INFO - 新增：50
Tue 04 Jan 2022 12:46:07 - applog - DEBUG - 期刊:中医杂志.csv,第15页，新增：0
Tue 04 Jan 2022 12:46:08 - applog - INFO - 新增：50
Tue 04 Jan 2022 12:46:08 - applog - DEBUG - 期刊:中医杂志.csv,第16页，新增：0
Tue 04 Jan 2022 12:46:08 - applog - INFO - 新增：50
Tue 04 Jan 2022 12:46:08 - applog - DEBUG - 期刊:中医杂志.csv,第17页，新增：0
Tue 04 Jan 2022 12:46:09 - applog - INFO - 新增：50
Tue 04 Jan 2022 12:46:09 - applog - DEBUG - 期刊:中医杂志.csv,第18页，新增：0
Tue 04 Jan 2022 12:46:09 - applog - INFO - 新增：50
Tue 04 Jan 2022 12:46:09 - applog - DEBUG - 期刊:中医杂志.csv,第19页，新增：0
Tue 04 Jan 2022 12:46:10 - applog - INFO - 新增：50
Tue 04 Jan 2022 12:46:10 - applog - DEBUG - 期刊:中医杂志.csv,第20页，新增：0
Tue 04 Jan 2022 12:46:10 - applog - INFO - 新增：28
Tue 04 Jan 2022 12:46:10 - applog - DEBUG - 期刊:中医杂志.csv,第21页，新增：0
Tue 04 Jan 2022 12:46:10 - applog - INFO - 期刊:中医杂志.csv,新爬取文献数：0
Tue 04 Jan 2022 12:46:16 - applog - DEBUG - 设置参数
Tue 04 Jan 2022 12:46:25 - applog - INFO - 新增：50
Tue 04 Jan 2022 12:46:25 - applog - DEBUG - 期刊:中草药.csv,第30页，新增：0
Tue 04 Jan 2022 12:46:26 - applog - INFO - 新增：50
Tue 04 Jan 2022 12:46:26 - applog - DEBUG - 期刊:中草药.csv,第31页，新增：0
Tue 04 Jan 2022 12:46:27 - applog - INFO - 新增：50
Tue 04 Jan 2022 12:46:27 - applog - DEBUG - 期刊:中草药.csv,第32页，新增：0
Tue 04 Jan 2022 12:46:27 - applog - INFO - 新增：50
Tue 04 Jan 2022 12:46:27 - applog - DEBUG - 期刊:中草药.csv,第33页，新增：0
Tue 04 Jan 2022 12:46:28 - applog - INFO - 新增：1
Tue 04 Jan 2022 12:46:28 - applog - DEBUG - 期刊:中草药.csv,第34页，新增：0
Tue 04 Jan 2022 12:46:28 - applog - INFO - 期刊:中草药.csv,新爬取文献数：0
Wed 05 Jan 2022 20:12:43 - applog - DEBUG - 设置参数
Wed 05 Jan 2022 20:12:52 - applog - INFO - 期刊:中草药.csv,新爬取文献数：1
Wed 05 Jan 2022 20:12:52 - applog - DEBUG - 设置参数
Wed 05 Jan 2022 20:13:01 - applog - INFO - 期刊:中西医结合护理(中英文).csv,新爬取文献数：1
Wed 05 Jan 2022 20:13:02 - applog - DEBUG - 设置参数
Wed 05 Jan 2022 20:13:11 - applog - INFO - 期刊:中兴通讯技术.csv,新爬取文献数：1
Wed 05 Jan 2022 20:13:11 - applog - DEBUG - 设置参数
Wed 05 Jan 2022 20:13:20 - applog - INFO - 期刊:大数据.csv,新爬取文献数：1
Wed 05 Jan 2022 20:13:20 - applog - DEBUG - 设置参数
Wed 05 Jan 2022 20:13:29 - applog - INFO - 期刊:电子学报.csv,新爬取文献数：1
Wed 05 Jan 2022 20:13:29 - applog - DEBUG - 设置参数
Wed 05 Jan 2022 20:13:38 - applog - INFO - 期刊:电子技术.csv,新爬取文献数：1
Wed 05 Jan 2022 20:13:38 - applog - DEBUG - 设置参数
Wed 05 Jan 2022 20:13:47 - applog - INFO - 期刊:电子科技.csv,新爬取文献数：1
Wed 05 Jan 2022 20:13:48 - applog - DEBUG - 设置参数
Wed 05 Jan 2022 20:13:57 - applog - INFO - 期刊:管理科学.csv,新爬取文献数：1
Wed 05 Jan 2022 20:13:57 - applog - DEBUG - 设置参数
Wed 05 Jan 2022 20:14:06 - applog - INFO - 期刊:系统工程与电子技术.csv,新爬取文献数：1
Wed 05 Jan 2022 20:14:06 - applog - DEBUG - 设置参数
Wed 05 Jan 2022 20:14:15 - applog - INFO - 期刊:自动化学报.csv,新爬取文献数：1
Wed 05 Jan 2022 20:14:15 - applog - DEBUG - 设置参数
Wed 05 Jan 2022 20:14:24 - applog - INFO - 期刊:东北农业大学学报.csv,新爬取文献数：1
Wed 05 Jan 2022 20:14:25 - applog - DEBUG - 设置参数
Wed 05 Jan 2022 20:14:34 - applog - INFO - 期刊:中国油料作物学报.csv,新爬取文献数：1
Wed 05 Jan 2022 20:14:34 - applog - DEBUG - 设置参数
Wed 05 Jan 2022 20:14:43 - applog - INFO - 期刊:中国生物医学工程学报.csv,新爬取文献数：1
Wed 05 Jan 2022 20:14:43 - applog - DEBUG - 设置参数
Wed 05 Jan 2022 20:14:52 - applog - INFO - 期刊:作物学报.csv,新爬取文献数：1
Wed 05 Jan 2022 20:14:52 - applog - DEBUG - 设置参数
Wed 05 Jan 2022 20:15:01 - applog - INFO - 期刊:园艺学报.csv,新爬取文献数：1
Wed 05 Jan 2022 20:15:02 - applog - DEBUG - 设置参数
Wed 05 Jan 2022 20:15:11 - applog - INFO - 期刊:土壤.csv,新爬取文献数：1
Wed 05 Jan 2022 20:15:11 - applog - DEBUG - 设置参数
Wed 05 Jan 2022 20:15:20 - applog - INFO - 期刊:世界中医药.csv,新爬取文献数：1
Wed 05 Jan 2022 20:15:20 - applog - DEBUG - 设置参数
Wed 05 Jan 2022 20:15:29 - applog - INFO - 期刊:世界中西医结合杂志.csv,新爬取文献数：1
Wed 05 Jan 2022 20:15:29 - applog - DEBUG - 设置参数
Wed 05 Jan 2022 20:15:42 - applog - INFO - 期刊:中医杂志.csv,新爬取文献数：1
Wed 05 Jan 2022 20:15:42 - applog - DEBUG - 设置参数
Wed 05 Jan 2022 20:15:51 - applog - INFO - 期刊:中医药文化.csv,新爬取文献数：1
Wed 05 Jan 2022 20:15:51 - applog - DEBUG - 设置参数
Wed 05 Jan 2022 20:16:00 - applog - INFO - 期刊:中华心血管病杂志.csv,新爬取文献数：1
Sun 10 Apr 2022 13:47:46 - applog - DEBUG - 设置参数
Sun 10 Apr 2022 13:48:00 - applog - DEBUG - 设置参数
Sun 10 Apr 2022 13:48:14 - applog - DEBUG - 设置参数
Sun 10 Apr 2022 13:48:27 - applog - DEBUG - 设置参数
Sun 10 Apr 2022 13:48:40 - applog - DEBUG - 设置参数
Sun 10 Apr 2022 13:49:27 - applog - DEBUG - 设置参数
Sun 10 Apr 2022 13:50:36 - applog - DEBUG - 设置参数
Sun 10 Apr 2022 13:50:50 - applog - DEBUG - 设置参数
Sun 10 Apr 2022 13:51:46 - applog - INFO - 新增：50
Sun 10 Apr 2022 13:51:46 - applog - DEBUG - 期刊:中西医结合护理(中英文),第1页，新增：50
Sun 10 Apr 2022 13:51:46 - applog - INFO - 期刊:中西医结合护理(中英文),新爬取文献数：50
Sun 10 Apr 2022 13:51:51 - applog - DEBUG - 设置参数
Sun 10 Apr 2022 13:52:03 - applog - DEBUG - 设置参数
Sun 10 Apr 2022 13:52:16 - applog - DEBUG - 设置参数
Sun 10 Apr 2022 13:52:29 - applog - DEBUG - 设置参数
Sun 10 Apr 2022 13:54:49 - applog - INFO - 新增：50
Sun 10 Apr 2022 13:54:49 - applog - DEBUG - 期刊:电子技术,第1页，新增：50
Sun 10 Apr 2022 13:54:49 - applog - INFO - 期刊:电子技术,新爬取文献数：50
Sun 10 Apr 2022 13:54:53 - applog - DEBUG - 设置参数
Sun 10 Apr 2022 14:01:00 - applog - INFO - 新增：50
Sun 10 Apr 2022 14:01:00 - applog - DEBUG - 期刊:电子科技,第1页，新增：50
Sun 10 Apr 2022 14:01:00 - applog - INFO - 期刊:电子科技,新爬取文献数：50
Sun 10 Apr 2022 14:01:05 - applog - DEBUG - 设置参数
Sun 10 Apr 2022 14:01:18 - applog - DEBUG - 设置参数
Sun 10 Apr 2022 14:06:00 - applog - INFO - 新增：50
Sun 10 Apr 2022 14:06:00 - applog - DEBUG - 期刊:系统工程与电子技术,第1页，新增：50
Sun 10 Apr 2022 14:06:00 - applog - INFO - 期刊:系统工程与电子技术,新爬取文献数：50
Sun 10 Apr 2022 14:06:05 - applog - DEBUG - 设置参数
Sun 10 Apr 2022 14:06:18 - applog - DEBUG - 设置参数
Sun 10 Apr 2022 14:06:31 - applog - DEBUG - 设置参数
Sun 10 Apr 2022 14:12:47 - applog - INFO - 新增：50
Sun 10 Apr 2022 14:12:47 - applog - DEBUG - 期刊:中国油料作物学报,第1页，新增：50
Sun 10 Apr 2022 14:12:47 - applog - INFO - 期刊:中国油料作物学报,新爬取文献数：50
Sun 10 Apr 2022 14:12:53 - applog - DEBUG - 设置参数
Sun 10 Apr 2022 14:13:05 - applog - DEBUG - 设置参数
Sun 10 Apr 2022 14:13:18 - applog - DEBUG - 设置参数
Sun 10 Apr 2022 14:13:32 - applog - DEBUG - 设置参数
Sun 10 Apr 2022 14:19:38 - applog - INFO - 新增：50
Sun 10 Apr 2022 14:19:38 - applog - DEBUG - 期刊:土壤,第1页，新增：50
Sun 10 Apr 2022 14:19:38 - applog - INFO - 期刊:土壤,新爬取文献数：50
Sun 10 Apr 2022 14:19:43 - applog - DEBUG - 设置参数
Sun 10 Apr 2022 14:26:37 - applog - INFO - 新增：50
Sun 10 Apr 2022 14:26:37 - applog - DEBUG - 期刊:世界中医药,第1页，新增：50
Sun 10 Apr 2022 14:26:37 - applog - INFO - 期刊:世界中医药,新爬取文献数：50
Sun 10 Apr 2022 14:26:42 - applog - DEBUG - 设置参数
Sun 10 Apr 2022 14:32:30 - applog - INFO - 新增：50
Sun 10 Apr 2022 14:32:30 - applog - DEBUG - 期刊:世界中西医结合杂志,第1页，新增：50
Sun 10 Apr 2022 14:32:30 - applog - INFO - 期刊:世界中西医结合杂志,新爬取文献数：50
Sun 10 Apr 2022 14:32:36 - applog - DEBUG - 设置参数
Sun 10 Apr 2022 14:39:11 - applog - INFO - 新增：50
Sun 10 Apr 2022 14:39:11 - applog - DEBUG - 期刊:中医杂志,第1页，新增：50
Sun 10 Apr 2022 14:39:11 - applog - INFO - 期刊:中医杂志,新爬取文献数：50
Sun 10 Apr 2022 14:39:16 - applog - DEBUG - 设置参数
Sun 10 Apr 2022 14:40:25 - applog - INFO - 去自引页面跳转失败
Sun 10 Apr 2022 14:40:25 - applog - INFO - --------------------去自引失败！
Sun 10 Apr 2022 14:40:37 - applog - DEBUG - 设置参数
Sun 10 Apr 2022 14:40:50 - applog - DEBUG - 设置参数
Sun 10 Apr 2022 14:41:03 - applog - DEBUG - 设置参数
Sun 10 Apr 2022 14:46:15 - applog - INFO - 新增：50
Sun 10 Apr 2022 14:46:29 - applog - DEBUG - 期刊:中兴通讯技术,第1页，新增：50
Sun 10 Apr 2022 14:50:20 - applog - DEBUG - 设置参数
Sun 10 Apr 2022 14:51:42 - applog - DEBUG - 设置参数
Sun 10 Apr 2022 14:56:27 - applog - INFO - 新增：50
Sun 10 Apr 2022 14:57:18 - applog - DEBUG - 期刊:中草药,第1页，新增：50
